WeatheApps/app/build/intermediates/manifest_merge_blame_file/debug/manifest-merger-blame-debug-report.txt
1<?xml version="1.0" encoding="utf-8"?>
2<manifest xmlns:android="http://schemas.android.com/apk/res/android"
3    package="com.example.weatheapps"
4    android:versionCode="1"
5    android:versionName="1.0" >
6
7    <uses-sdk
8        android:minSdkVersion="19"
8-->src\main\AndroidManifest.xml
9        android:targetSdkVersion="29" />
9-->src\main\AndroidManifest.xml
10
11    <uses-permission android:name="android.permission.INTERNET" />
11-->src\main\AndroidManifest.xml:5:3-65
11-->src\main\AndroidManifest.xml:5:20-62
12
13    <application
13-->src\main\AndroidManifest.xml:7:3-21:17
14        android:allowBackup="true"
14-->src\main\AndroidManifest.xml:8:5-31
15        android:appComponentFactory="androidx.core.app.CoreComponentFactory"
15-->[androidx.core:core:1.0.1] AndroidManifest.xml:22:18-86
16        android:debuggable="true"
17        android:icon="@mipmap/ic_launcher"
17-->src\main\AndroidManifest.xml:9:5-39
18        android:label="@string/app_name"
18-->src\main\AndroidManifest.xml:10:5-37
19        android:roundIcon="@mipmap/ic_launcher_round"
19-->src\main\AndroidManifest.xml:11:5-50
20        android:supportsRtl="true"
20-->src\main\AndroidManifest.xml:12:5-31
21        android:testOnly="true"
22        android:theme="@style/AppTheme" >
22-->src\main\AndroidManifest.xml:13:5-36
23        <activity android:name="com.example.weatheapps.MainActivity" >
23-->src\main\AndroidManifest.xml:14:5-20:16
23-->src\main\AndroidManifest.xml:14:15-43
24            <intent-filter>
24-->src\main\AndroidManifest.xml:15:7-19:23
25                <action android:name="android.intent.action.MAIN" />
25-->src\main\AndroidManifest.xml:16:9-61
25-->src\main\AndroidManifest.xml:16:17-58
26
27                <category android:name="android.intent.category.LAUNCHER" />
27-->src\main\AndroidManifest.xml:18:9-69
27-->src\main\AndroidManifest.xml:18:19-66
28            </intent-filter>
29        </activity>
30    </application>
31
32</manifest>